2026-03-31 10:46:11 INFO  com.demo.pom.hooks.Hooks - Starting browser
2026-03-31 10:46:14 INFO  com.demo.pom.steps.LoginSteps - Opening application URL
2026-03-31 10:46:23 INFO  com.demo.pom.steps.LoginSteps - Entering username
2026-03-31 10:46:24 INFO  com.demo.pom.steps.LoginSteps - Entering password
2026-03-31 10:46:24 INFO  com.demo.pom.steps.LoginSteps - Clicking login button
2026-03-31 10:46:24 INFO  com.demo.pom.steps.LoginSteps - Validating successful login
2026-03-31 10:46:25 INFO  com.demo.pom.hooks.Hooks - Closing browser
2026-03-31 11:06:34 INFO  com.demo.pom.hooks.Hooks - Starting browser
2026-03-31 11:06:37 INFO  com.demo.pom.steps.LoginSteps - Opening application URL
2026-03-31 11:06:44 INFO  com.demo.pom.steps.LoginSteps - Entering username
2026-03-31 11:06:45 INFO  com.demo.pom.steps.LoginSteps - Entering password
2026-03-31 11:06:45 INFO  com.demo.pom.steps.LoginSteps - Clicking login button
2026-03-31 11:06:45 INFO  com.demo.pom.steps.LoginSteps - Validating successful login
2026-03-31 11:06:46 INFO  com.demo.pom.hooks.Hooks - Closing browser
2026-03-31 14:20:30 INFO  com.demo.pom.hooks.Hooks - Starting browser
2026-03-31 14:20:32 INFO  com.demo.pom.steps.LoginSteps - Opening application URL
2026-03-31 14:20:43 INFO  com.demo.pom.steps.LoginSteps - Entering username
2026-03-31 14:20:43 INFO  com.demo.pom.steps.LoginSteps - Entering password
2026-03-31 14:20:43 INFO  com.demo.pom.steps.LoginSteps - Clicking login button
2026-03-31 14:20:45 INFO  com.demo.pom.steps.LoginSteps - Validating successful login
2026-03-31 14:20:45 INFO  com.demo.pom.hooks.Hooks - Closing browser
2026-03-31 14:22:44 INFO  com.demo.pom.hooks.Hooks - Starting browser
2026-03-31 14:22:46 INFO  com.demo.pom.steps.LoginSteps - Opening application URL
2026-03-31 14:22:53 INFO  com.demo.pom.steps.LoginSteps - Entering username
2026-03-31 14:22:53 INFO  com.demo.pom.steps.LoginSteps - Entering password
2026-03-31 14:22:53 INFO  com.demo.pom.steps.LoginSteps - Clicking login button
2026-03-31 14:22:54 INFO  com.demo.pom.steps.LoginSteps - Validating successful login
2026-03-31 14:22:54 INFO  com.demo.pom.hooks.Hooks - Scenario failed. Capturing screenshot for: Successful login
2026-03-31 14:22:55 INFO  com.demo.pom.hooks.Hooks - Screenshot saved at: target\screenshots\Successful_login_20260331_142255.png
2026-03-31 14:22:55 INFO  com.demo.pom.hooks.Hooks - Closing browser
2026-03-31 14:36:38 INFO  com.demo.pom.hooks.Hooks - Starting browser
2026-03-31 14:36:40 INFO  com.demo.pom.steps.LoginSteps - Opening application URL
2026-03-31 14:36:48 INFO  com.demo.pom.steps.LoginSteps - Entering username
2026-03-31 14:36:48 INFO  com.demo.pom.steps.LoginSteps - Entering password
2026-03-31 14:36:48 INFO  com.demo.pom.steps.LoginSteps - Clicking login button
2026-03-31 14:36:48 INFO  com.demo.pom.steps.LoginSteps - Validating successful login
2026-03-31 14:36:49 INFO  com.demo.pom.hooks.Hooks - Closing browser
2026-03-31 14:37:53 INFO  com.demo.pom.hooks.Hooks - Starting browser
2026-03-31 14:37:56 INFO  com.demo.pom.steps.LoginSteps - Opening application URL
2026-03-31 14:38:04 INFO  com.demo.pom.steps.LoginSteps - Entering username
2026-03-31 14:38:04 INFO  com.demo.pom.steps.LoginSteps - Entering password
2026-03-31 14:38:04 INFO  com.demo.pom.steps.LoginSteps - Clicking login button
2026-03-31 14:38:05 INFO  com.demo.pom.steps.LoginSteps - Validating successful login
2026-03-31 14:38:05 INFO  com.demo.pom.hooks.Hooks - Closing browser
2026-03-31 14:38:05 INFO  com.demo.pom.hooks.Hooks - Starting browser
2026-03-31 14:38:07 INFO  com.demo.pom.steps.LoginSteps - Opening application URL
2026-03-31 14:38:14 INFO  com.demo.pom.steps.LoginSteps - Entering username
2026-03-31 14:38:14 INFO  com.demo.pom.steps.LoginSteps - Entering password
2026-03-31 14:38:15 INFO  com.demo.pom.steps.LoginSteps - Clicking login button
2026-03-31 14:38:15 INFO  com.demo.pom.steps.LoginSteps - Validating successful login
2026-03-31 14:38:15 INFO  com.demo.pom.hooks.Hooks - Scenario failed. Capturing screenshot for: Successful login with multiple users
2026-03-31 14:38:16 INFO  com.demo.pom.hooks.Hooks - Screenshot saved at: target\screenshots\Successful_login_with_multiple_users_20260331_143816.png
2026-03-31 14:38:16 INFO  com.demo.pom.hooks.Hooks - Closing browser
2026-03-31 14:38:16 INFO  com.demo.pom.hooks.Hooks - Starting browser
2026-03-31 14:38:18 INFO  com.demo.pom.steps.LoginSteps - Opening application URL
2026-03-31 14:38:25 INFO  com.demo.pom.steps.LoginSteps - Entering username
2026-03-31 14:38:25 INFO  com.demo.pom.steps.LoginSteps - Entering password
2026-03-31 14:38:25 INFO  com.demo.pom.steps.LoginSteps - Clicking login button
2026-03-31 14:38:26 INFO  com.demo.pom.steps.LoginSteps - Validating successful login
2026-03-31 14:38:26 INFO  com.demo.pom.hooks.Hooks - Scenario failed. Capturing screenshot for: Successful login with multiple users
2026-03-31 14:38:26 INFO  com.demo.pom.hooks.Hooks - Screenshot saved at: target\screenshots\Successful_login_with_multiple_users_20260331_143826.png
2026-03-31 14:38:26 INFO  com.demo.pom.hooks.Hooks - Closing browser
2026-03-31 15:19:59 INFO  com.demo.pom.hooks.Hooks - Starting browser
2026-03-31 15:20:04 INFO  com.demo.pom.steps.LoginSteps - Opening application URL
2026-03-31 15:20:13 INFO  com.demo.pom.hooks.Hooks - Closing browser
2026-03-31 15:20:13 INFO  com.demo.pom.hooks.Hooks - Starting browser
2026-03-31 15:20:17 INFO  com.demo.pom.steps.LoginSteps - Opening application URL
2026-03-31 15:20:26 INFO  com.demo.pom.hooks.Hooks - Closing browser
2026-03-31 15:20:26 INFO  com.demo.pom.hooks.Hooks - Starting browser
2026-03-31 15:20:28 INFO  com.demo.pom.steps.LoginSteps - Opening application URL
2026-03-31 15:20:35 INFO  com.demo.pom.hooks.Hooks - Closing browser
2026-03-31 15:22:10 INFO  com.demo.pom.hooks.Hooks - Starting browser
2026-03-31 15:22:12 INFO  com.demo.pom.steps.LoginSteps - Opening application URL
2026-03-31 15:22:20 INFO  com.demo.pom.hooks.Hooks - Closing browser
2026-03-31 15:22:20 INFO  com.demo.pom.hooks.Hooks - Starting browser
2026-03-31 15:22:22 INFO  com.demo.pom.steps.LoginSteps - Opening application URL
2026-03-31 15:22:30 INFO  com.demo.pom.hooks.Hooks - Closing browser
2026-03-31 15:22:31 INFO  com.demo.pom.hooks.Hooks - Starting browser
2026-03-31 15:22:32 INFO  com.demo.pom.steps.LoginSteps - Opening application URL
2026-03-31 15:22:42 INFO  com.demo.pom.hooks.Hooks - Closing browser
2026-03-31 15:26:48 INFO  com.demo.pom.hooks.Hooks - Starting browser
2026-03-31 15:26:51 INFO  com.demo.pom.steps.LoginSteps - Opening application URL
2026-03-31 15:26:58 INFO  com.demo.pom.hooks.Hooks - Closing browser
2026-03-31 15:26:58 INFO  com.demo.pom.hooks.Hooks - Starting browser
2026-03-31 15:27:00 INFO  com.demo.pom.steps.LoginSteps - Opening application URL
2026-03-31 15:27:08 INFO  com.demo.pom.hooks.Hooks - Closing browser
2026-03-31 15:27:09 INFO  com.demo.pom.hooks.Hooks - Starting browser
2026-03-31 15:27:10 INFO  com.demo.pom.steps.LoginSteps - Opening application URL
2026-03-31 15:27:19 INFO  com.demo.pom.hooks.Hooks - Closing browser
2026-03-31 15:29:19 INFO  com.demo.pom.hooks.Hooks - Starting browser
2026-03-31 15:29:22 INFO  com.demo.pom.steps.LoginSteps - Opening application URL
2026-03-31 15:29:30 INFO  com.demo.pom.hooks.Hooks - Closing browser
2026-03-31 15:29:30 INFO  com.demo.pom.hooks.Hooks - Starting browser
2026-03-31 15:29:32 INFO  com.demo.pom.steps.LoginSteps - Opening application URL
2026-03-31 15:29:39 INFO  com.demo.pom.hooks.Hooks - Closing browser
2026-03-31 15:29:40 INFO  com.demo.pom.hooks.Hooks - Starting browser
2026-03-31 15:29:42 INFO  com.demo.pom.steps.LoginSteps - Opening application URL
2026-03-31 15:29:50 INFO  com.demo.pom.hooks.Hooks - Closing browser
2026-03-31 15:44:52 INFO  com.demo.pom.hooks.Hooks - Starting browser
2026-03-31 15:44:55 INFO  com.demo.pom.steps.LoginSteps - Opening application URL
2026-03-31 15:45:05 INFO  com.demo.pom.steps.LoginSteps - Reading Excel data for row: 1
2026-03-31 15:45:06 INFO  com.demo.pom.hooks.Hooks - Scenario failed. Capturing screenshot for: Login using Excel rows
2026-03-31 15:45:06 INFO  com.demo.pom.hooks.Hooks - Screenshot saved at: target\screenshots\Login_using_Excel_rows_20260331_154506.png
2026-03-31 15:45:06 INFO  com.demo.pom.hooks.Hooks - Closing browser
2026-03-31 15:45:07 INFO  com.demo.pom.hooks.Hooks - Starting browser
2026-03-31 15:45:09 INFO  com.demo.pom.steps.LoginSteps - Opening application URL
2026-03-31 15:45:16 INFO  com.demo.pom.steps.LoginSteps - Reading Excel data for row: 2
2026-03-31 15:45:16 INFO  com.demo.pom.hooks.Hooks - Scenario failed. Capturing screenshot for: Login using Excel rows
2026-03-31 15:45:16 INFO  com.demo.pom.hooks.Hooks - Screenshot saved at: target\screenshots\Login_using_Excel_rows_20260331_154516.png
2026-03-31 15:45:16 INFO  com.demo.pom.hooks.Hooks - Closing browser
2026-03-31 15:45:17 INFO  com.demo.pom.hooks.Hooks - Starting browser
2026-03-31 15:45:18 INFO  com.demo.pom.steps.LoginSteps - Opening application URL
2026-03-31 15:45:26 INFO  com.demo.pom.steps.LoginSteps - Reading Excel data for row: 3
2026-03-31 15:45:26 INFO  com.demo.pom.hooks.Hooks - Scenario failed. Capturing screenshot for: Login using Excel rows
2026-03-31 15:45:26 INFO  com.demo.pom.hooks.Hooks - Screenshot saved at: target\screenshots\Login_using_Excel_rows_20260331_154526.png
2026-03-31 15:45:26 INFO  com.demo.pom.hooks.Hooks - Closing browser
2026-03-31 15:46:50 INFO  org.testng.internal.Utils - [Utils] MethodGroupsHelper.collectMethodsByGroup() took 1 ms.
2026-03-31 15:46:50 INFO  org.testng.internal.Utils - [Utils] MethodGroupsHelper.sortMethods() took 0 ms.
2026-03-31 15:46:50 INFO  org.testng.internal.Utils - [Utils] MethodGroupsHelper.collectMethodsByGroup() took 0 ms.
2026-03-31 15:46:50 INFO  org.testng.internal.Utils - [Utils] MethodGroupsHelper.sortMethods() took 0 ms.
2026-03-31 15:46:50 INFO  org.testng.internal.Utils - [Utils] MethodGroupsHelper.collectMethodsByGroup() took 0 ms.
2026-03-31 15:46:50 INFO  org.testng.internal.Utils - [Utils] MethodGroupsHelper.sortMethods() took 0 ms.
2026-03-31 15:46:50 INFO  org.testng.internal.Utils - [Utils] MethodGroupsHelper.collectMethodsByGroup() took 0 ms.
2026-03-31 15:46:50 INFO  org.testng.internal.Utils - [Utils] MethodGroupsHelper.sortMethods() took 0 ms.
2026-03-31 15:46:50 INFO  org.testng.internal.Utils - [Utils] MethodGroupsHelper.collectMethodsByGroup() took 0 ms.
2026-03-31 15:46:50 INFO  org.testng.internal.Utils - [Utils] MethodGroupsHelper.sortMethods() took 8 ms.
2026-03-31 15:46:50 INFO  org.testng.internal.Utils - [Utils] MethodGroupsHelper.collectMethodsByGroup() took 0 ms.
2026-03-31 15:46:50 INFO  org.testng.internal.Utils - [Utils] MethodGroupsHelper.sortMethods() took 0 ms.
2026-03-31 15:46:50 INFO  org.testng.internal.Utils - [Utils] MethodGroupsHelper.collectMethodsByGroup() took 0 ms.
2026-03-31 15:46:50 INFO  org.testng.internal.Utils - [Utils] MethodGroupsHelper.sortMethods() took 0 ms.
2026-03-31 15:46:50 INFO  org.testng.internal.Utils - [Utils] MethodGroupsHelper.collectMethodsByGroup() took 0 ms.
2026-03-31 15:46:50 INFO  org.testng.internal.Utils - [Utils] MethodGroupsHelper.sortMethods() took 0 ms.
2026-03-31 15:46:50 INFO  org.testng.internal.Utils - [Utils] MethodGroupsHelper.collectMethodsByGroup() took 0 ms.
2026-03-31 15:46:50 INFO  org.testng.internal.Utils - [Utils] MethodGroupsHelper.sortMethods() took 0 ms.
2026-03-31 15:46:50 INFO  org.testng.internal.Utils - [Utils] MethodGroupsHelper.collectMethodsByGroup() took 0 ms.
2026-03-31 15:46:50 INFO  org.testng.internal.Utils - [Utils] MethodGroupsHelper.sortMethods() took 0 ms.
2026-03-31 15:46:50 INFO  org.testng.internal.Utils - [Utils] MethodGroupsHelper.collectMethodsByGroup() took 0 ms.
2026-03-31 15:46:50 INFO  org.testng.internal.Utils - [Utils] MethodGroupsHelper.sortMethods() took 0 ms.
2026-03-31 15:46:50 INFO  org.testng.internal.Utils - [Utils] MethodGroupsHelper.collectMethodsByGroup() took 0 ms.
2026-03-31 15:46:50 INFO  org.testng.internal.Utils - [Utils] MethodGroupsHelper.sortMethods() took 0 ms.
2026-03-31 15:46:50 INFO  org.testng.internal.Utils - [Utils] MethodGroupsHelper.collectMethodsByGroup() took 10 ms.
2026-03-31 15:46:50 INFO  org.testng.internal.Utils - [Utils] MethodGroupsHelper.sortMethods() took 0 ms.
2026-03-31 15:46:50 INFO  org.testng.internal.Utils - [Utils] MethodGroupsHelper.collectMethodsByGroup() took 0 ms.
2026-03-31 15:46:50 INFO  org.testng.internal.Utils - [Utils] MethodGroupsHelper.sortMethods() took 0 ms.
2026-03-31 15:46:50 INFO  org.testng.internal.Utils - [Utils] MethodGroupsHelper.collectMethodsByGroup() took 0 ms.
2026-03-31 15:46:50 INFO  org.testng.internal.Utils - [Utils] MethodGroupsHelper.sortMethods() took 0 ms.
2026-03-31 15:46:50 INFO  org.testng.internal.Utils - [TestNG] Running:
  C:\Users\sharanbir.x\AppData\Local\Temp\testng-eclipse--582107904\testng-customsuite.xml

2026-03-31 15:46:50 INFO  org.testng.internal.Utils - [Utils] DynamicGraphHelper.createDynamicGraph() took 6 ms.
2026-03-31 15:46:51 INFO  com.demo.pom.hooks.Hooks - Starting browser
2026-03-31 15:46:54 INFO  com.demo.pom.steps.LoginSteps - Opening application URL
2026-03-31 15:47:01 INFO  com.demo.pom.steps.LoginSteps - Reading Excel data for row: 1
2026-03-31 15:47:02 INFO  com.demo.pom.hooks.Hooks - Scenario failed. Capturing screenshot for: Login using Excel rows
2026-03-31 15:47:02 INFO  com.demo.pom.hooks.Hooks - Screenshot saved at: target\screenshots\Login_using_Excel_rows_20260331_154702.png
2026-03-31 15:47:02 INFO  com.demo.pom.hooks.Hooks - Closing browser
2026-03-31 15:47:02 INFO  com.demo.pom.hooks.Hooks - Starting browser
2026-03-31 15:47:04 INFO  com.demo.pom.steps.LoginSteps - Opening application URL
2026-03-31 15:47:12 INFO  com.demo.pom.steps.LoginSteps - Reading Excel data for row: 2
2026-03-31 15:47:12 INFO  com.demo.pom.hooks.Hooks - Scenario failed. Capturing screenshot for: Login using Excel rows
2026-03-31 15:47:12 INFO  com.demo.pom.hooks.Hooks - Screenshot saved at: target\screenshots\Login_using_Excel_rows_20260331_154712.png
2026-03-31 15:47:12 INFO  com.demo.pom.hooks.Hooks - Closing browser
2026-03-31 15:47:13 INFO  com.demo.pom.hooks.Hooks - Starting browser
2026-03-31 15:47:15 INFO  com.demo.pom.steps.LoginSteps - Opening application URL
2026-03-31 15:47:23 INFO  com.demo.pom.steps.LoginSteps - Reading Excel data for row: 3
2026-03-31 15:47:23 INFO  com.demo.pom.hooks.Hooks - Scenario failed. Capturing screenshot for: Login using Excel rows
2026-03-31 15:47:24 INFO  com.demo.pom.hooks.Hooks - Screenshot saved at: target\screenshots\Login_using_Excel_rows_20260331_154724.png
2026-03-31 15:47:24 INFO  com.demo.pom.hooks.Hooks - Closing browser
2026-03-31 15:47:24 INFO  org.testng.internal.Utils - [TestNG] Time taken by org.testng.reporters.jq.Main@594131f2: 89 ms
2026-03-31 15:47:24 INFO  org.testng.internal.Utils - [TestNG] Time taken by org.testng.reporters.FailedReporter@71664560: 36 ms
2026-03-31 15:47:24 INFO  org.testng.internal.Utils - [TestNG] Time taken by org.testng.reporters.XMLReporter@29d405e6: 14 ms
2026-03-31 15:47:24 INFO  org.testng.internal.Utils - [TestNG] Time taken by org.testng.reporters.EmailableReporter2@577bf0aa: 8 ms
2026-03-31 15:47:24 INFO  org.testng.internal.Utils - [TestNG] Time taken by org.testng.reporters.JUnitReportReporter@6d6bff89: 10 ms
2026-03-31 15:47:24 INFO  org.testng.internal.Utils - [TestNG] Time taken by org.testng.internal.ExitCodeListener@541bf968: 1 ms
2026-03-31 15:48:20 INFO  com.demo.pom.hooks.Hooks - Starting browser
2026-03-31 15:48:23 INFO  com.demo.pom.steps.LoginSteps - Opening application URL
2026-03-31 15:48:30 INFO  com.demo.pom.steps.LoginSteps - Reading Excel data for row: 1
2026-03-31 15:48:31 INFO  com.demo.pom.hooks.Hooks - Scenario failed. Capturing screenshot for: Login using Excel rows
2026-03-31 15:48:31 INFO  com.demo.pom.hooks.Hooks - Screenshot saved at: target\screenshots\Login_using_Excel_rows_20260331_154831.png
2026-03-31 15:48:31 INFO  com.demo.pom.hooks.Hooks - Closing browser
2026-03-31 15:48:31 INFO  com.demo.pom.hooks.Hooks - Starting browser
2026-03-31 15:48:33 INFO  com.demo.pom.steps.LoginSteps - Opening application URL
2026-03-31 15:48:41 INFO  com.demo.pom.steps.LoginSteps - Reading Excel data for row: 2
2026-03-31 15:48:41 INFO  com.demo.pom.hooks.Hooks - Scenario failed. Capturing screenshot for: Login using Excel rows
2026-03-31 15:48:42 INFO  com.demo.pom.hooks.Hooks - Screenshot saved at: target\screenshots\Login_using_Excel_rows_20260331_154841.png
2026-03-31 15:48:42 INFO  com.demo.pom.hooks.Hooks - Closing browser
2026-03-31 15:48:42 INFO  com.demo.pom.hooks.Hooks - Starting browser
2026-03-31 15:48:44 INFO  com.demo.pom.steps.LoginSteps - Opening application URL
2026-03-31 15:48:52 INFO  com.demo.pom.steps.LoginSteps - Reading Excel data for row: 3
2026-03-31 15:48:52 INFO  com.demo.pom.hooks.Hooks - Scenario failed. Capturing screenshot for: Login using Excel rows
2026-03-31 15:48:52 INFO  com.demo.pom.hooks.Hooks - Screenshot saved at: target\screenshots\Login_using_Excel_rows_20260331_154852.png
2026-03-31 15:48:52 INFO  com.demo.pom.hooks.Hooks - Closing browser
2026-03-31 15:53:05 INFO  com.demo.pom.hooks.Hooks - Starting browser
2026-03-31 15:53:07 INFO  com.demo.pom.steps.LoginSteps - Opening application URL
2026-03-31 15:53:15 INFO  com.demo.pom.steps.LoginSteps - Reading Excel data for row: 1
2026-03-31 15:53:16 INFO  com.demo.pom.steps.LoginSteps - Logging in with username: tomsmith
2026-03-31 15:53:16 INFO  com.demo.pom.steps.LoginSteps - Validating expected result: valid
2026-03-31 15:53:17 INFO  com.demo.pom.hooks.Hooks - Scenario failed. Capturing screenshot for: Login using Excel rows
2026-03-31 15:53:18 INFO  com.demo.pom.hooks.Hooks - Screenshot saved at: target\screenshots\Login_using_Excel_rows_20260331_155317.png
2026-03-31 15:53:18 INFO  com.demo.pom.hooks.Hooks - Closing browser
2026-03-31 15:53:18 INFO  com.demo.pom.hooks.Hooks - Starting browser
2026-03-31 15:53:20 INFO  com.demo.pom.steps.LoginSteps - Opening application URL
2026-03-31 15:53:28 INFO  com.demo.pom.steps.LoginSteps - Reading Excel data for row: 2
2026-03-31 15:53:28 INFO  com.demo.pom.steps.LoginSteps - Logging in with username: wronguser
2026-03-31 15:53:28 INFO  com.demo.pom.steps.LoginSteps - Validating expected result: invalid
2026-03-31 15:53:29 INFO  com.demo.pom.hooks.Hooks - Closing browser
2026-03-31 15:53:29 INFO  com.demo.pom.hooks.Hooks - Starting browser
2026-03-31 15:53:31 INFO  com.demo.pom.steps.LoginSteps - Opening application URL
2026-03-31 15:53:39 INFO  com.demo.pom.steps.LoginSteps - Reading Excel data for row: 3
2026-03-31 15:53:39 INFO  com.demo.pom.steps.LoginSteps - Logging in with username: tomsmith
2026-03-31 15:53:41 INFO  com.demo.pom.steps.LoginSteps - Validating expected result: invalid
2026-03-31 15:53:41 INFO  com.demo.pom.hooks.Hooks - Closing browser
2026-03-31 15:54:51 INFO  com.demo.pom.hooks.Hooks - Starting browser
2026-03-31 15:54:54 INFO  com.demo.pom.steps.LoginSteps - Opening application URL
2026-03-31 15:55:02 INFO  com.demo.pom.steps.LoginSteps - Reading Excel data for row: 1
2026-03-31 15:55:02 INFO  com.demo.pom.steps.LoginSteps - Logging in with username: tomsmith
2026-03-31 15:55:03 INFO  com.demo.pom.steps.LoginSteps - Validating expected result: valid
2026-03-31 15:55:04 INFO  com.demo.pom.hooks.Hooks - Scenario failed. Capturing screenshot for: Login using Excel rows
2026-03-31 15:55:04 INFO  com.demo.pom.hooks.Hooks - Screenshot saved at: target\screenshots\Login_using_Excel_rows_20260331_155504.png
2026-03-31 15:55:04 INFO  com.demo.pom.hooks.Hooks - Closing browser
2026-03-31 15:55:05 INFO  com.demo.pom.hooks.Hooks - Starting browser
2026-03-31 15:55:07 INFO  com.demo.pom.steps.LoginSteps - Opening application URL
2026-03-31 15:55:13 INFO  com.demo.pom.steps.LoginSteps - Reading Excel data for row: 2
2026-03-31 15:55:13 INFO  com.demo.pom.steps.LoginSteps - Logging in with username: wronguser
2026-03-31 15:55:14 INFO  com.demo.pom.steps.LoginSteps - Validating expected result: invalid
2026-03-31 15:55:15 INFO  com.demo.pom.hooks.Hooks - Closing browser
2026-03-31 15:55:15 INFO  com.demo.pom.hooks.Hooks - Starting browser
2026-03-31 15:55:17 INFO  com.demo.pom.steps.LoginSteps - Opening application URL
2026-03-31 15:55:24 INFO  com.demo.pom.steps.LoginSteps - Reading Excel data for row: 3
2026-03-31 15:55:24 INFO  com.demo.pom.steps.LoginSteps - Logging in with username: tomsmith
2026-03-31 15:55:25 INFO  com.demo.pom.steps.LoginSteps - Validating expected result: invalid
2026-03-31 15:55:25 INFO  com.demo.pom.hooks.Hooks - Closing browser
2026-03-31 15:56:34 INFO  com.demo.pom.hooks.Hooks - Starting browser
2026-03-31 15:56:37 INFO  com.demo.pom.steps.LoginSteps - Opening application URL
2026-03-31 15:56:44 INFO  com.demo.pom.steps.LoginSteps - Reading Excel data for row: 2
2026-03-31 15:56:45 INFO  com.demo.pom.steps.LoginSteps - Logging in with username: wronguser
2026-03-31 15:56:45 INFO  com.demo.pom.steps.LoginSteps - Validating expected result: invalid
2026-03-31 15:56:46 INFO  com.demo.pom.hooks.Hooks - Closing browser
2026-03-31 15:56:46 INFO  com.demo.pom.hooks.Hooks - Starting browser
2026-03-31 15:56:48 INFO  com.demo.pom.steps.LoginSteps - Opening application URL
2026-03-31 15:56:56 INFO  com.demo.pom.steps.LoginSteps - Reading Excel data for row: 3
2026-03-31 15:56:56 INFO  com.demo.pom.steps.LoginSteps - Logging in with username: tomsmith
2026-03-31 15:56:57 INFO  com.demo.pom.steps.LoginSteps - Validating expected result: invalid
2026-03-31 15:56:57 INFO  com.demo.pom.hooks.Hooks - Closing browser
2026-03-31 15:56:57 INFO  com.demo.pom.hooks.Hooks - Starting browser
2026-03-31 15:56:59 INFO  com.demo.pom.steps.LoginSteps - Opening application URL
2026-03-31 15:57:06 INFO  com.demo.pom.steps.LoginSteps - Reading Excel data for row: 4
2026-03-31 15:57:06 INFO  com.demo.pom.hooks.Hooks - Scenario failed. Capturing screenshot for: Login using Excel rows
2026-03-31 15:57:06 INFO  com.demo.pom.hooks.Hooks - Screenshot saved at: target\screenshots\Login_using_Excel_rows_20260331_155706.png
2026-03-31 15:57:06 INFO  com.demo.pom.hooks.Hooks - Closing browser
2026-03-31 16:35:32 INFO  com.demo.pom.hooks.Hooks - Starting browser
2026-03-31 16:35:47 INFO  com.demo.pom.hooks.Hooks - Closing browser
2026-03-31 16:35:48 INFO  com.demo.pom.hooks.Hooks - Starting browser
2026-03-31 16:35:58 INFO  com.demo.pom.hooks.Hooks - Closing browser
2026-03-31 16:35:59 INFO  com.demo.pom.hooks.Hooks - Starting browser
2026-03-31 16:36:08 INFO  com.demo.pom.hooks.Hooks - Closing browser
